-------------------------------------------------------------------------------
Test set: TestSuite
-------------------------------------------------------------------------------
Tests run: 4, Failures: 1, Errors: 0, Skipped: 0, Time elapsed: 10.06 s <<< FAILURE! - in TestSuite
textValidationTest(Academy.E2EProject.HomePageTest)  Time elapsed: 3.018 s  <<< FAILURE!
java.lang.AssertionError: expected [FEATURED COURSESS] but found [FEATURED COURSES]
	at Academy.E2EProject.HomePageTest.textValidationTest(HomePageTest.java:30)

