<?xml version="1.0" encoding="UTF-8"?>
<!-- Generated by org.testng.reporters.JUnitXMLReporter -->
<testsuite ignored="0" hostname="Holy-Smokes" failures="1" tests="4" name="Command line test" time="13.52" errors="0" timestamp="2022-01-16T02:31:31 IST">
  <testcase classname="Academy.E2EProject.HomePageTest" name="linksValidationTest" time="4.231"/>
  <testcase classname="Academy.E2EProject.HomePageTest" name="textValidationTest" time="2.711">
    <failure type="java.lang.AssertionError" message="expected [FEATURED COURSESS] but found [FEATURED COURSES]">
      <![CDATA[java.lang.AssertionError: expected [FEATURED COURSESS] but found [FEATURED COURSES]
at Academy.E2EProject.HomePageTest.textValidationTest(HomePageTest.java:30)
at java.base/java.util.ArrayList.forEach(ArrayList.java:1541)
... Removed 43 stack frames]]>
    </failure>
  </testcase> <!-- textValidationTest -->
  <testcase classname="Academy.E2EProject.LoginPageTest" name="validLoginTest" time="3.187"/>
  <testcase classname="Academy.E2EProject.LoginPageTest" name="validLoginTest" time="3.258"/>
</testsuite> <!-- Command line test -->
