<?xml version="1.0" encoding="UTF-8"?>
<testng-results ignored="0" total="1" passed="1" failed="0" skipped="0">
  <reporter-output>
  </reporter-output>
  <suite started-at="2022-01-16T03:33:07 IST" name="Default suite" finished-at="2022-01-16T03:33:07 IST" duration-ms="395">
    <groups>
    </groups>
    <test started-at="2022-01-16T03:33:07 IST" name="Default test" finished-at="2022-01-16T03:33:07 IST" duration-ms="395">
      <class name="Academy.E2EProject.DatabaseTest">
        <test-method signature="getEmpNameFromDB()[pri:0, instance:Academy.E2EProject.DatabaseTest@fa49800]" started-at="2022-01-16T03:33:07 IST" name="getEmpNameFromDB" finished-at="2022-01-16T03:33:07 IST" duration-ms="365" status="PASS">
          <reporter-output>
          </reporter-output>
        </test-method> <!-- getEmpNameFromDB -->
      </class> <!-- Academy.E2EProject.DatabaseTest -->
    </test> <!-- Default test -->
  </suite> <!-- Default suite -->
</testng-results>
