<?xml version="1.0" encoding="UTF-8"?>
<!-- Generated by org.testng.reporters.JUnitXMLReporter -->
<testsuite ignored="0" hostname="Holy-Smokes" failures="1" tests="2" name="Home Page Test" time="8.505" errors="0" timestamp="2022-01-16T07:34:03 IST">
  <testcase classname="Academy.E2EProject.HomePageTest" name="linksValidationTest" time="4.559"/>
  <testcase classname="Academy.E2EProject.HomePageTest" name="textValidationTest" time="2.943">
    <failure type="java.lang.AssertionError" message="expected [FEATURED COURSESS] but found [FEATURED COURSES]">
      <![CDATA[java.lang.AssertionError: expected [FEATURED COURSESS] but found [FEATURED COURSES]
at Academy.E2EProject.HomePageTest.textValidationTest(HomePageTest.java:30)
at java.base/java.util.ArrayList.forEach(ArrayList.java:1541)
at java.base/java.util.concurrent.FutureTask.run(FutureTask.java:264)
at java.base/java.util.concurrent.ThreadPoolExecutor.runWorker(ThreadPoolExecutor.java:1128)
at java.base/java.util.concurrent.ThreadPoolExecutor$Worker.run(ThreadPoolExecutor.java:628)
at java.base/java.lang.Thread.run(Thread.java:834)
... Removed 24 stack frames]]>
    </failure>
  </testcase> <!-- textValidationTest -->
</testsuite> <!-- Home Page Test -->
