<?xml version="1.0" encoding="UTF-8"?>
<!-- Generated by org.testng.reporters.JUnitXMLReporter -->
<testsuite ignored="0" hostname="Holy-Smokes" failures="0" tests="4" name="Test" time="14.741" errors="0" timestamp="2022-01-14T00:49:52 IST">
  <testcase classname="Academy.E2EProject.LoginPageTest" name="validLoginTest" time="4.485"/>
  <testcase classname="Academy.E2EProject.LoginPageTest" name="validLoginTest" time="4.264"/>
  <testcase classname="Academy.E2EProject.HomePageTest" name="linksValidationTest" time="2.858"/>
  <testcase classname="Academy.E2EProject.HomePageTest" name="textValidationTest" time="2.865"/>
</testsuite> <!-- Test -->
